<?xml version="1.0" encoding="UTF-8"?>
<!-- Generated by org.testng.reporters.JUnitReportReporter -->
<testsuite skipped="1" hostname="LTB0206984-Mac.local" name="allureReports.Tests" tests="5" failures="0" timestamp="14 Feb 2020 09:25:16 GMT" time="41.275" errors="0">
  <testcase name="logoPresence" time="13.680" classname="allureReports.Tests"/>
  <testcase name="loginTest" time="12.566" classname="allureReports.Tests"/>
  <testcase name="registrationTest" time="5.010" classname="allureReports.Tests">
    <skipped/>
  </testcase> <!-- registrationTest -->
  <testcase name="registration1Test" time="5.012" classname="allureReports.Tests"/>
  <testcase name="registration11Test" time="5.007" classname="allureReports.Tests"/>
</testsuite> <!-- allureReports.Tests -->
